<?xml version="1.0" encoding="UTF-8"?>
<testsuite name="SwingDemoTest" tests="1" skipped="0" failures="0" errors="0" timestamp="2018-12-17T09:49:12" hostname="PC210-22" time="0.009">
  <properties/>
  <testcase name="testSomeLibraryMethod" classname="SwingDemoTest" time="0.009"/>
  <system-out><![CDATA[]]></system-out>
  <system-err><![CDATA[]]></system-err>
</testsuite>
